
05-04-2024 16:54:30 [localhost][info] Posts query: array (
  'has_thumb' => false,
  'type' => true,
  'status' => 'post',
  'category' => 0,
  'date_start' => 0,
  'date_end' => 0,
)
05-04-2024 16:54:30 [localhost][info] Posts query: array (
  'has_thumb' => true,
  'type' => true,
  'status' => 'post',
  'category' => 0,
  'date_start' => 0,
  'date_end' => 0,
)
-------------------------------
05-04-2024 16:57:25 [localhost][info] Posts query: array (
  'has_thumb' => false,
  'type' => true,
  'status' => 'post',
  'category' => 0,
  'date_start' => 0,
  'date_end' => 0,
)
05-04-2024 16:57:25 [localhost][info] Posts query: array (
  'has_thumb' => true,
  'type' => true,
  'status' => 'post',
  'category' => 0,
  'date_start' => 0,
  'date_end' => 0,
)
-------------------------------
05-04-2024 16:59:22 [localhost][info] Posts query: array (
  'has_thumb' => false,
  'type' => true,
  'status' => 'post',
  'category' => 0,
  'date_start' => 0,
  'date_end' => 0,
)
05-04-2024 16:59:22 [localhost][info] Posts query: array (
  'has_thumb' => true,
  'type' => true,
  'status' => 'post',
  'category' => 0,
  'date_start' => 0,
  'date_end' => 0,
)
-------------------------------